c:\users\usuario_local\source\repos\aaaaaaaaaa\aaaaaaaaaa\debug\vc141.pdb
c:\users\usuario_local\source\repos\aaaaaaaaaa\aaaaaaaaaa\debug\vc141.idb
c:\users\usuario_local\source\repos\aaaaaaaaaa\aaaaaaaaaa\debug\utilidadeswin.obj
c:\users\usuario_local\source\repos\aaaaaaaaaa\aaaaaaaaaa\debug\tablerosudoku.obj
c:\users\usuario_local\source\repos\aaaaaaaaaa\aaaaaaaaaa\debug\source.obj
c:\users\usuario_local\source\repos\aaaaaaaaaa\aaaaaaaaaa\debug\registrosudoku.obj
c:\users\usuario_local\source\repos\aaaaaaaaaa\aaaaaaaaaa\debug\registrojugador.obj
c:\users\usuario_local\source\repos\aaaaaaaaaa\aaaaaaaaaa\debug\listasudoku.obj
c:\users\usuario_local\source\repos\aaaaaaaaaa\aaaaaaaaaa\debug\listajugadores.obj
c:\users\usuario_local\source\repos\aaaaaaaaaa\aaaaaaaaaa\debug\juegosudoku.obj
c:\users\usuario_local\source\repos\aaaaaaaaaa\aaaaaaaaaa\debug\conjunto_1_9.obj
c:\users\usuario_local\source\repos\aaaaaaaaaa\aaaaaaaaaa\debug\casillasudoku.obj
c:\users\usuario_local\source\repos\aaaaaaaaaa\debug\aaaaaaaaaa.ilk
c:\users\usuario_local\source\repos\aaaaaaaaaa\debug\aaaaaaaaaa.exe
c:\users\usuario_local\source\repos\aaaaaaaaaa\debug\aaaaaaaaaa.pdb
c:\users\usuario_local\source\repos\aaaaaaaaaa\aaaaaaaaaa\debug\aaaaaaaaaa.tlog\cl.command.1.tlog
c:\users\usuario_local\source\repos\aaaaaaaaaa\aaaaaaaaaa\debug\aaaaaaaaaa.tlog\cl.read.1.tlog
c:\users\usuario_local\source\repos\aaaaaaaaaa\aaaaaaaaaa\debug\aaaaaaaaaa.tlog\cl.write.1.tlog
c:\users\usuario_local\source\repos\aaaaaaaaaa\aaaaaaaaaa\debug\aaaaaaaaaa.tlog\link.command.1.tlog
c:\users\usuario_local\source\repos\aaaaaaaaaa\aaaaaaaaaa\debug\aaaaaaaaaa.tlog\link.read.1.tlog
c:\users\usuario_local\source\repos\aaaaaaaaaa\aaaaaaaaaa\debug\aaaaaaaaaa.tlog\link.write.1.tlog
