   1              		.cpu arm7tdmi
   2              		.fpu softvfp
   3              		.eabi_attribute 20, 1
   4              		.eabi_attribute 21, 1
   5              		.eabi_attribute 23, 3
   6              		.eabi_attribute 24, 1
   7              		.eabi_attribute 25, 1
   8              		.eabi_attribute 26, 1
   9              		.eabi_attribute 30, 6
  10              		.eabi_attribute 18, 4
  11              		.file	"button.c"
  21              	.Ltext0:
  22              		.file 1 "../button.c"
 1728              		.align	2
 1729              		.global	read_button
 1731              	read_button:
 1732              	.LFB0:
   1:../button.c   **** 
   2:../button.c   **** #include "44b.h"
   3:../button.c   **** #include "utils.h"
   4:../button.c   **** #include "button.h"
   5:../button.c   **** #include "leds.h"
   6:../button.c   **** #include "gpio.h"
   7:../button.c   **** 
   8:../button.c   **** unsigned int read_button(void)
   9:../button.c   **** {
 1733              		.loc 1 9 0
 1734              		.cfi_startproc
 1735              		@ Function supports interworking.
 1736              		@ args = 0, pretend = 0, frame = 8
 1737              		@ frame_needed = 1, uses_anonymous_args = 0
 1738 0000 0DC0A0E1 		mov	ip, sp
 1739              	.LCFI0:
 1740              		.cfi_def_cfa_register 12
 1741 0004 00D82DE9 		stmfd	sp!, {fp, ip, lr, pc}
 1742 0008 04B04CE2 		sub	fp, ip, #4
 1743              		.cfi_offset 14, -8
 1744              		.cfi_offset 13, -12
 1745              		.cfi_offset 11, -16
 1746              	.LCFI1:
 1747              		.cfi_def_cfa 11, 4
 1748 000c 08D04DE2 		sub	sp, sp, #8
  10:../button.c   **** 	unsigned int buttons = 0;
 1749              		.loc 1 10 0
 1750 0010 0030A0E3 		mov	r3, #0
 1751 0014 10300BE5 		str	r3, [fp, #-16]
  11:../button.c   **** 	enum digital val;
  12:../button.c   **** 
  13:../button.c   **** 	portG_read(6, &val);
 1752              		.loc 1 13 0
 1753 0018 11304BE2 		sub	r3, fp, #17
 1754 001c 0600A0E3 		mov	r0, #6
 1755 0020 0310A0E1 		mov	r1, r3
 1756 0024 FEFFFFEB 		bl	portG_read
  14:../button.c   **** 	if(val == LOW)
 1757              		.loc 1 14 0
 1758 0028 11305BE5 		ldrb	r3, [fp, #-17]	@ zero_extendqisi2
 1759 002c 000053E3 		cmp	r3, #0
 1760 0030 0200001A 		bne	.L2
  15:../button.c   **** 		buttons |= BUT1;
 1761              		.loc 1 15 0
 1762 0034 10301BE5 		ldr	r3, [fp, #-16]
 1763 0038 013083E3 		orr	r3, r3, #1
 1764 003c 10300BE5 		str	r3, [fp, #-16]
 1765              	.L2:
  16:../button.c   **** 	portG_read(7, &val);
 1766              		.loc 1 16 0
 1767 0040 11304BE2 		sub	r3, fp, #17
 1768 0044 0700A0E3 		mov	r0, #7
 1769 0048 0310A0E1 		mov	r1, r3
 1770 004c FEFFFFEB 		bl	portG_read
  17:../button.c   **** 	if (val == LOW)
 1771              		.loc 1 17 0
 1772 0050 11305BE5 		ldrb	r3, [fp, #-17]	@ zero_extendqisi2
 1773 0054 000053E3 		cmp	r3, #0
 1774 0058 0200001A 		bne	.L3
  18:../button.c   **** 		buttons |= BUT2;
 1775              		.loc 1 18 0
 1776 005c 10301BE5 		ldr	r3, [fp, #-16]
 1777 0060 023083E3 		orr	r3, r3, #2
 1778 0064 10300BE5 		str	r3, [fp, #-16]
 1779              	.L3:
  19:../button.c   **** 
  20:../button.c   **** 	return buttons;
 1780              		.loc 1 20 0
 1781 0068 10301BE5 		ldr	r3, [fp, #-16]
  21:../button.c   **** }
 1782              		.loc 1 21 0
 1783 006c 0300A0E1 		mov	r0, r3
 1784 0070 0CD04BE2 		sub	sp, fp, #12
 1785 0074 00689DE8 		ldmfd	sp, {fp, sp, lr}
 1786 0078 1EFF2FE1 		bx	lr
 1787              		.cfi_endproc
 1788              	.LFE0:
 1790              	.Letext0:
DEFINED SYMBOLS
                            *ABS*:00000000 button.c
C:\Users\USUARI~1\AppData\Local\Temp\ccc2VQyK.s:1728   .text:00000000 $a
C:\Users\USUARI~1\AppData\Local\Temp\ccc2VQyK.s:1731   .text:00000000 read_button
                     .debug_frame:00000010 $d

UNDEFINED SYMBOLS
portG_read
